/home/markmur88/Documentos/GitHub/api_bank_heroku/auto_commit_sync.sh: línea 5: cd: /ruta/a/tu/repositorio: No existe el fichero o el directorio
Cambios detectados. Realizando commit y sincronización...
[api-bank fb11a45] Cambios realizados el 2025-04-23 00:30:01:
 148 files changed, 3 insertions(+), 941 deletions(-)
 delete mode 100644 api/__pycache__/__init__.cpython-313.pyc
 delete mode 100644 api/__pycache__/middleware.cpython-313.pyc
 delete mode 100644 api/__pycache__/urls.cpython-313.pyc
 delete mode 100644 api/__pycache__/views.cpython-313.pyc
 delete mode 100644 api/accounts/__pycache__/__init__.cpython-313.pyc
 delete mode 100644 api/accounts/__pycache__/admin.cpython-313.pyc
 delete mode 100644 api/accounts/__pycache__/apps.cpython-313.pyc
 delete mode 100644 api/accounts/__pycache__/forms.cpython-313.pyc
 delete mode 100644 api/accounts/__pycache__/models.cpython-313.pyc
 delete mode 100644 api/accounts/__pycache__/serializers.cpython-313.pyc
 delete mode 100644 api/accounts/__pycache__/urls.cpython-313.pyc
 delete mode 100644 api/accounts/__pycache__/views.cpython-313.pyc
 delete mode 100644 api/accounts/migrations/0001_initial.py
 delete mode 100644 api/accounts/migrations/0002_initial.py
 delete mode 100644 api/accounts/migrations/__pycache__/0001_initial.cpython-313.pyc
 delete mode 100644 api/accounts/migrations/__pycache__/0002_initial.cpython-313.pyc
 delete mode 100644 api/accounts/migrations/__pycache__/__init__.cpython-313.pyc
 delete mode 100644 api/authentication/__pycache__/__init__.cpython-313.pyc
 delete mode 100644 api/authentication/__pycache__/admin.cpython-313.pyc
 delete mode 100644 api/authentication/__pycache__/apps.cpython-313.pyc
 delete mode 100644 api/authentication/__pycache__/models.cpython-313.pyc
 delete mode 100644 api/authentication/__pycache__/serializers.cpython-313.pyc
 delete mode 100644 api/authentication/__pycache__/urls.cpython-313.pyc
 delete mode 100644 api/authentication/__pycache__/views.cpython-313.pyc
 delete mode 100644 api/authentication/migrations/0001_initial.py
 delete mode 100644 api/authentication/migrations/__pycache__/0001_initial.cpython-313.pyc
 delete mode 100644 api/authentication/migrations/__pycache__/__init__.cpython-313.pyc
 delete mode 100644 api/collection/__pycache__/__init__.cpython-313.pyc
 delete mode 100644 api/collection/__pycache__/admin.cpython-313.pyc
 delete mode 100644 api/collection/__pycache__/apps.cpython-313.pyc
 delete mode 100644 api/collection/__pycache__/forms.cpython-313.pyc
 delete mode 100644 api/collection/__pycache__/models.cpython-313.pyc
 delete mode 100644 api/collection/__pycache__/serializers.cpython-313.pyc
 delete mode 100644 api/collection/__pycache__/urls.cpython-313.pyc
 delete mode 100644 api/collection/__pycache__/views.cpython-313.pyc
 delete mode 100644 api/collection/migrations/0001_initial.py
 delete mode 100644 api/collection/migrations/__pycache__/0001_initial.cpython-313.pyc
 delete mode 100644 api/collection/migrations/__pycache__/__init__.cpython-313.pyc
 delete mode 100644 api/core/__pycache__/__init__.cpython-313.pyc
 delete mode 100644 api/core/__pycache__/admin.cpython-313.pyc
 delete mode 100644 api/core/__pycache__/apps.cpython-313.pyc
 delete mode 100644 api/core/__pycache__/auth_services.cpython-313.pyc
 delete mode 100644 api/core/__pycache__/bank_services.cpython-313.pyc
 delete mode 100644 api/core/__pycache__/choices.cpython-313.pyc
 delete mode 100644 api/core/__pycache__/forms.cpython-313.pyc
 delete mode 100644 api/core/__pycache__/middleware.cpython-313.pyc
 delete mode 100644 api/core/__pycache__/mixin.cpython-313.pyc
 delete mode 100644 api/core/__pycache__/models.cpython-313.pyc
 delete mode 100644 api/core/__pycache__/serializers.cpython-313.pyc
 delete mode 100644 api/core/__pycache__/services.cpython-313.pyc
 delete mode 100644 api/core/__pycache__/urls.cpython-313.pyc
 delete mode 100644 api/core/__pycache__/views.cpython-313.pyc
 delete mode 100644 api/core/migrations/0001_initial.py
 delete mode 100644 api/core/migrations/__pycache__/0001_initial.cpython-313.pyc
 delete mode 100644 api/core/migrations/__pycache__/__init__.cpython-313.pyc
 delete mode 100644 api/gpt/__pycache__/__init__.cpython-313.pyc
 delete mode 100644 api/gpt/__pycache__/admin.cpython-313.pyc
 delete mode 100644 api/gpt/__pycache__/apps.cpython-313.pyc
 delete mode 100644 api/gpt/__pycache__/forms.cpython-313.pyc
 delete mode 100644 api/gpt/__pycache__/helpers.cpython-313.pyc
 delete mode 100644 api/gpt/__pycache__/models.cpython-313.pyc
 delete mode 100644 api/gpt/__pycache__/urls.cpython-313.pyc
 delete mode 100644 api/gpt/__pycache__/utils.cpython-313.pyc
 delete mode 100644 api/gpt/__pycache__/views.cpython-313.pyc
 delete mode 100644 api/gpt/migrations/0001_initial.py
 delete mode 100644 api/gpt/migrations/__pycache__/0001_initial.cpython-313.pyc
 delete mode 100644 api/gpt/migrations/__pycache__/__init__.cpython-313.pyc
 delete mode 100644 api/gpt2/gpt/__pycache__/__init__.cpython-313.pyc
 delete mode 100644 api/gpt2/gpt/__pycache__/admin.cpython-313.pyc
 delete mode 100644 api/gpt2/gpt/__pycache__/apps.cpython-313.pyc
 delete mode 100644 api/gpt2/gpt/__pycache__/forms.cpython-313.pyc
 delete mode 100644 api/gpt2/gpt/__pycache__/generate_pdf.cpython-313.pyc
 delete mode 100644 api/gpt2/gpt/__pycache__/helpers.cpython-313.pyc
 delete mode 100644 api/gpt2/gpt/__pycache__/models.cpython-313.pyc
 delete mode 100644 api/gpt2/gpt/__pycache__/urls.cpython-313.pyc
 delete mode 100644 api/gpt2/gpt/__pycache__/utils.cpython-313.pyc
 delete mode 100644 api/gpt2/gpt/__pycache__/views.cpython-313.pyc
 delete mode 100644 api/sandbox/__pycache__/__init__.cpython-313.pyc
 delete mode 100644 api/sandbox/__pycache__/admin.cpython-313.pyc
 delete mode 100644 api/sandbox/__pycache__/apps.cpython-313.pyc
 delete mode 100644 api/sandbox/__pycache__/models.cpython-313.pyc
 delete mode 100644 api/sandbox/migrations/0001_initial.py
 delete mode 100644 api/sandbox/migrations/__pycache__/0001_initial.cpython-313.pyc
 delete mode 100644 api/sandbox/migrations/__pycache__/__init__.cpython-313.pyc
 delete mode 100644 api/sct/__pycache__/__init__.cpython-313.pyc
 delete mode 100644 api/sct/__pycache__/admin.cpython-313.pyc
 delete mode 100644 api/sct/__pycache__/apps.cpython-313.pyc
 delete mode 100644 api/sct/__pycache__/forms.cpython-313.pyc
 delete mode 100644 api/sct/__pycache__/generate_aml.cpython-313.pyc
 delete mode 100644 api/sct/__pycache__/generate_pdf.cpython-313.pyc
 delete mode 100644 api/sct/__pycache__/generate_xml.cpython-313.pyc
 delete mode 100644 api/sct/__pycache__/generate_xml2.cpython-313.pyc
 delete mode 100644 api/sct/__pycache__/generate_xml3.cpython-313.pyc
 delete mode 100644 api/sct/__pycache__/helpers.cpython-313.pyc
 delete mode 100644 api/sct/__pycache__/models.cpython-313.pyc
 delete mode 100644 api/sct/__pycache__/process_bank.cpython-313.pyc
 delete mode 100644 api/sct/__pycache__/process_bank_json_xml_aml.cpython-313.pyc
 delete mode 100644 api/sct/__pycache__/process_deutsche_bank.cpython-313.pyc
 delete mode 100644 api/sct/__pycache__/process_transfer.cpython-313.pyc
 delete mode 100644 api/sct/__pycache__/process_xml_send2.cpython-313.pyc
 delete mode 100644 api/sct/__pycache__/serializers.cpython-313.pyc
 delete mode 100644 api/sct/__pycache__/services.cpython-313.pyc
 delete mode 100644 api/sct/__pycache__/urls.cpython-313.pyc
 delete mode 100644 api/sct/__pycache__/views.cpython-313.pyc
 delete mode 100644 api/sct/migrations/0001_initial.py
 delete mode 100644 api/sct/migrations/__pycache__/0001_initial.cpython-313.pyc
 delete mode 100644 api/sct/migrations/__pycache__/__init__.cpython-313.pyc
 delete mode 100644 api/sepa_payment/__pycache__/__init__.cpython-313.pyc
 delete mode 100644 api/sepa_payment/__pycache__/admin.cpython-313.pyc
 delete mode 100644 api/sepa_payment/__pycache__/apps.cpython-313.pyc
 delete mode 100644 api/sepa_payment/__pycache__/forms.cpython-313.pyc
 delete mode 100644 api/sepa_payment/__pycache__/models.cpython-313.pyc
 delete mode 100644 api/sepa_payment/__pycache__/services.cpython-313.pyc
 delete mode 100644 api/sepa_payment/__pycache__/urls.cpython-313.pyc
 delete mode 100644 api/sepa_payment/__pycache__/views.cpython-313.pyc
 delete mode 100644 api/sepa_payment/migrations/0001_initial.py
 delete mode 100644 api/sepa_payment/migrations/__pycache__/0001_initial.cpython-313.pyc
 delete mode 100644 api/sepa_payment/migrations/__pycache__/__init__.cpython-313.pyc
 delete mode 100644 api/transactions/__pycache__/__init__.cpython-313.pyc
 delete mode 100644 api/transactions/__pycache__/admin.cpython-313.pyc
 delete mode 100644 api/transactions/__pycache__/apps.cpython-313.pyc
 delete mode 100644 api/transactions/__pycache__/models.cpython-313.pyc
 delete mode 100644 api/transactions/__pycache__/views.cpython-313.pyc
 delete mode 100644 api/transactions/migrations/0001_initial.py
 delete mode 100644 api/transactions/migrations/__pycache__/0001_initial.cpython-313.pyc
 delete mode 100644 api/transactions/migrations/__pycache__/__init__.cpython-313.pyc
 delete mode 100644 api/transfers/__pycache__/__init__.cpython-313.pyc
 delete mode 100644 api/transfers/__pycache__/admin.cpython-313.pyc
 delete mode 100644 api/transfers/__pycache__/apps.cpython-313.pyc
 delete mode 100644 api/transfers/__pycache__/forms.cpython-313.pyc
 delete mode 100644 api/transfers/__pycache__/models.cpython-313.pyc
 delete mode 100644 api/transfers/__pycache__/serializers.cpython-313.pyc
 delete mode 100644 api/transfers/__pycache__/urls.cpython-313.pyc
 delete mode 100644 api/transfers/__pycache__/views.cpython-313.pyc
 delete mode 100644 api/transfers/__pycache__/views_all.cpython-313.pyc
 delete mode 100644 api/transfers/__pycache__/views_api.cpython-313.pyc
 delete mode 100644 api/transfers/__pycache__/views_com2.cpython-313.pyc
 delete mode 100644 api/transfers/__pycache__/views_copy.cpython-313.pyc
 delete mode 100644 api/transfers/migrations/0001_initial.py
 delete mode 100644 api/transfers/migrations/__pycache__/0001_initial.cpython-313.pyc
 delete mode 100644 api/transfers/migrations/__pycache__/__init__.cpython-313.pyc
 create mode 100644 auto_commit_sync.log
 delete mode 100644 config/__pycache__/__init__.cpython-313.pyc
 delete mode 100644 config/__pycache__/urls.cpython-313.pyc
 delete mode 100644 config/__pycache__/wsgi.cpython-313.pyc
 delete mode 100644 config/settings/__pycache__/__init__.cpython-313.pyc
 delete mode 100644 config/settings/__pycache__/production.cpython-313.pyc
fatal: could not read Username for 'https://github.com': No existe el dispositivo o la dirección
Cambios detectados. Realizando commit y sincronización...
[api-bank 5781d80] Cambios realizados el 2025-04-23 00:35:01:
 4 files changed, 155 insertions(+), 4 deletions(-)
fatal: could not read Username for 'https://github.com': No existe el dispositivo o la dirección
Cambios detectados. Realizando commit y sincronización...
[api-bank e762854] Cambios realizados el 2025-04-23 00:40:01:
 3 files changed, 7 insertions(+), 1 deletion(-)
fatal: could not read Username for 'https://github.com': No existe el dispositivo o la dirección
Cambios detectados. Realizando commit y sincronización...
