
================================================================================
Fecha y hora: 2025-05-07 02:16:10.944933
================================================================================
=== Headers enviados ===
{
    "grant_type": "client_credentials",
    "scope": "sepa_credit_transfers",
    "client_assertion_type": "urn:ietf:params:oauth:client-assertion-type:jwt-bearer",
    "client_assertion": "eyJhbGciOiJSUzI1NiIsImtpZCI6IjA5MDUxMkRFVVRERUZGWFhYODg2NDc5IiwidHlwIjoiSldUIn0.eyJpc3MiOiIwOTA1MTJERVVUREVGRlhYWDg4NjQ3OSIsInN1YiI6IjA5MDUxMkRFVVRERUZGWFhYODg2NDc5IiwiYXVkIjoiaHR0cHM6Ly9hcGkuZGIuY29tOjQ0My9ndy9vaWRjL3Rva2VuIiwiaWF0IjoxNzQ2NTg0MTY5LCJleHAiOjE3NDY1ODQ0Njl9.Nlc6SByxS1v9C8TcZBdVKGa2qc5_fUWNsPHWHrTmW4pUbCMeuYUDP2obIsI9hme3usxYi8-B6su1AHEfCUcqPo9vxQWzjB_0_7kTnmPbYIzd_8-nAAn0iZLnziyA8oND-Zn3iPWRgkux4st5c8JiJxUAAjUxpiFKYnF9LYL7i1jGeiayzaBReBi-igjf7ACRpJRr97LZtbGrYF5lHQadZz1tH9oSRfDKXvlPOvf31ZmSLdAHGILOpHRBl59ovI9JLB7ojZ3kNuBiuuxi6gtC0EghCcKOsG_lr9pojcgC9UUnEFtKhv_WKFs6egSjuOrgjkXgLPZB951oaRp_zk_xLA"
}

=== Info adicional ===
Error obteniendo access_token

=== Error ===
{"error":"unauthorized","error_description":"Could not find client: 090512DEUTDEFFXXX886479"}
================================================================================


================================================================================
Fecha y hora: 2025-05-07 02:16:10.945354
================================================================================
=== Headers enviados ===
{}

=== Info adicional ===
Error obteniendo detalles en vista

=== Error ===
Error obteniendo access_token: {"error":"unauthorized","error_description":"Could not find client: 090512DEUTDEFFXXX886479"}
================================================================================


================================================================================
Fecha y hora: 2025-05-07 02:16:31.305933
================================================================================
=== Headers enviados ===
{
    "grant_type": "client_credentials",
    "scope": "sepa_credit_transfers",
    "client_assertion_type": "urn:ietf:params:oauth:client-assertion-type:jwt-bearer",
    "client_assertion": "eyJhbGciOiJSUzI1NiIsImtpZCI6IjA5MDUxMkRFVVRERUZGWFhYODg2NDc5IiwidHlwIjoiSldUIn0.eyJpc3MiOiIwOTA1MTJERVVUREVGRlhYWDg4NjQ3OSIsInN1YiI6IjA5MDUxMkRFVVRERUZGWFhYODg2NDc5IiwiYXVkIjoiaHR0cHM6Ly9hcGkuZGIuY29tOjQ0My9ndy9vaWRjL3Rva2VuIiwiaWF0IjoxNzQ2NTg0MTkwLCJleHAiOjE3NDY1ODQ0OTB9.i6NfESilqhRqL6pZWYrN_pgmbf-icfXYnu26qCFJZ-lgq6mtHONs6jN9SaAFXRodMu-cuFVa2Ksuzrley7J1d8ucVl7W-2IHVa5rUjY7_0LE_vXm3kLBIIdGTYaOyfRtcGGjUf7rIVA6jxuAO3za_KlTxpMtW38xHC8TlVxi59WZWtUdA8ThZWbrF867TmHJ9XqS_354zT-apNfPhl1slX7J3wU_zMiGarKEXiN_3FMZp0KZ3RWcnIsBzP22kwbv0aVq0iqg-03Q_pTK0_QIF5-MGUhCKMOjC53aUfKn7TIb8X4gkonbH2-Ndm8x1WdXyzZbAVEnLXFW7OEagzv_WQ"
}

=== Info adicional ===
Error obteniendo access_token

=== Error ===
{"error":"unauthorized","error_description":"Could not find client: 090512DEUTDEFFXXX886479"}
================================================================================


================================================================================
Fecha y hora: 2025-05-07 02:16:31.306267
================================================================================
=== Headers enviados ===
{}

=== Info adicional ===
Error obteniendo detalles en vista

=== Error ===
Error obteniendo access_token: {"error":"unauthorized","error_description":"Could not find client: 090512DEUTDEFFXXX886479"}
================================================================================


================================================================================
Fecha y hora: 2025-05-07 02:18:26.207123
================================================================================
=== Headers enviados ===
{
    "grant_type": "client_credentials",
    "scope": "sepa_credit_transfers",
    "client_assertion_type": "urn:ietf:params:oauth:client-assertion-type:jwt-bearer",
    "client_assertion": "eyJhbGciOiJSUzI1NiIsImtpZCI6IjA5MDUxMkRFVVRERUZGWFhYODg2NDc5IiwidHlwIjoiSldUIn0.eyJpc3MiOiIwOTA1MTJERVVUREVGRlhYWDg4NjQ3OSIsInN1YiI6IjA5MDUxMkRFVVRERUZGWFhYODg2NDc5IiwiYXVkIjoiaHR0cHM6Ly9hcGkuZGIuY29tOjQ0My9ndy9vaWRjL3Rva2VuIiwiaWF0IjoxNzQ2NTg0MzA1LCJleHAiOjE3NDY1ODQ2MDV9.Y7F6GkcMQuhp59mGoMYSIfXq3wxCjhPet_7FjZtlA3JBHHmPh5qN-doQGcGPHTcL6wohINdikWWRpx6CckKcu_L29XFmoWqhTWo_BmL5BcSqLfQmSfeuYjwXjd0UW_ubhvo_sp1nIAfJoyWnmX_1hozhs-1NEDnPRV2r_MjlWB3eEUk64_zit_togOC13m_GCLzJhjXDg_Y6FKwBpVZ7gcC0keeu1aB031iXRAFyAL_WTClhE7qT31LqCIhXBaOokXk84mqbOf_oY81NsHzjf4f26JBfD8RrNU9lWGdWxVdVv9w8W2APCS0UI1fCWdl09akK1qosb_m3Q37rPaO9Fg"
}

=== Info adicional ===
Error obteniendo access_token

=== Error ===
{"error":"unauthorized","error_description":"Could not find client: 090512DEUTDEFFXXX886479"}
================================================================================


================================================================================
Fecha y hora: 2025-05-07 02:18:26.207461
================================================================================
=== Headers enviados ===
{}

=== Info adicional ===
Error obteniendo detalles en vista

=== Error ===
Error obteniendo access_token: {"error":"unauthorized","error_description":"Could not find client: 090512DEUTDEFFXXX886479"}
================================================================================


================================================================================
Fecha y hora: 2025-05-07 02:18:34.500446
================================================================================
=== Headers enviados ===
{
    "grant_type": "client_credentials",
    "scope": "sepa_credit_transfers",
    "client_assertion_type": "urn:ietf:params:oauth:client-assertion-type:jwt-bearer",
    "client_assertion": "eyJhbGciOiJSUzI1NiIsImtpZCI6IjA5MDUxMkRFVVRERUZGWFhYODg2NDc5IiwidHlwIjoiSldUIn0.eyJpc3MiOiIwOTA1MTJERVVUREVGRlhYWDg4NjQ3OSIsInN1YiI6IjA5MDUxMkRFVVRERUZGWFhYODg2NDc5IiwiYXVkIjoiaHR0cHM6Ly9hcGkuZGIuY29tOjQ0My9ndy9vaWRjL3Rva2VuIiwiaWF0IjoxNzQ2NTg0MzEzLCJleHAiOjE3NDY1ODQ2MTN9.lPHIy46FABuIMIhYuAK-0Ernt2uGozXVVcUrzNqf8HjgAhurTJa9pti7eqJ71r77Mk0oB2o9znrXCFBQ-qK-kJZRsAHZl0lZk4j0ZZYLA7PM0ecsK5m1v68LqiG5dueoc4JDrr9etxKNNZK_654N9pZ5YhurA6mM1Vx5HhH21Nqeiq4qL3nCQ3Ll7NtEEeTA7SWzZfkviwNo4Km0oJvlbf76KU53AxhlVoMFsasaakUDC7dBJxEHV9LapO0a04OtZXfPDOIX-roZNRcSJXNzYHTsjWmS0r-kF4NXO2eCQmZc_kZpDAGqK_KgMhPRVov1XDX7yRI3PQABD5E9sax4MA"
}

=== Info adicional ===
Error obteniendo access_token

=== Error ===
{"error":"unauthorized","error_description":"Could not find client: 090512DEUTDEFFXXX886479"}
================================================================================


================================================================================
Fecha y hora: 2025-05-07 02:18:34.500715
================================================================================
=== Headers enviados ===
{}

=== Info adicional ===
Error obteniendo detalles en vista

=== Error ===
Error obteniendo access_token: {"error":"unauthorized","error_description":"Could not find client: 090512DEUTDEFFXXX886479"}
================================================================================


================================================================================
Fecha y hora: 2025-05-07 02:18:37.258268
================================================================================
=== Headers enviados ===
{
    "grant_type": "client_credentials",
    "scope": "sepa_credit_transfers",
    "client_assertion_type": "urn:ietf:params:oauth:client-assertion-type:jwt-bearer",
    "client_assertion": "eyJhbGciOiJSUzI1NiIsImtpZCI6IjA5MDUxMkRFVVRERUZGWFhYODg2NDc5IiwidHlwIjoiSldUIn0.eyJpc3MiOiIwOTA1MTJERVVUREVGRlhYWDg4NjQ3OSIsInN1YiI6IjA5MDUxMkRFVVRERUZGWFhYODg2NDc5IiwiYXVkIjoiaHR0cHM6Ly9hcGkuZGIuY29tOjQ0My9ndy9vaWRjL3Rva2VuIiwiaWF0IjoxNzQ2NTg0MzE2LCJleHAiOjE3NDY1ODQ2MTZ9.qiQnva58K7eWynIUO9aJEuskg3c-j3CPG8rhCN_DW_Xn741mLHnbqal1vE2E7yjA5n0bRDS8lPVnHWqjjLB-IZIBaGvHE4cwCAuYRjTXlg6WGrGtnL-D-4W77rvqeGQiZNSALCYya9YmnyBh26gLc76zKcP_-JMdu05o_At89sqdIb3OFd89RPfoug-beTW9m6LqgHSxqKRTk78DA5-AKLqQoW3LMHzaQ7rI2HVIsi72FIrRG8aviUepdRk1VfX8ffoswbV3OZ_sbccRN0aW2hAjhSqa7HoirZa0mTqquC5SRno1U_Vqv1GVnUH-1BqGBc1nOAqYQ2wuE02NhdA-nQ"
}

=== Info adicional ===
Error obteniendo access_token

=== Error ===
{"error":"unauthorized","error_description":"Could not find client: 090512DEUTDEFFXXX886479"}
================================================================================


================================================================================
Fecha y hora: 2025-05-07 02:18:37.258733
================================================================================
=== Headers enviados ===
{}

=== Info adicional ===
Error obteniendo detalles en vista

=== Error ===
Error obteniendo access_token: {"error":"unauthorized","error_description":"Could not find client: 090512DEUTDEFFXXX886479"}
================================================================================


================================================================================
Fecha y hora: 2025-05-07 02:18:57.237845
================================================================================
=== Headers enviados ===
{
    "grant_type": "client_credentials",
    "scope": "sepa_credit_transfers",
    "client_assertion_type": "urn:ietf:params:oauth:client-assertion-type:jwt-bearer",
    "client_assertion": "eyJhbGciOiJSUzI1NiIsImtpZCI6IjA5MDUxMkRFVVRERUZGWFhYODg2NDc5IiwidHlwIjoiSldUIn0.eyJpc3MiOiIwOTA1MTJERVVUREVGRlhYWDg4NjQ3OSIsInN1YiI6IjA5MDUxMkRFVVRERUZGWFhYODg2NDc5IiwiYXVkIjoiaHR0cHM6Ly9hcGkuZGIuY29tOjQ0My9ndy9vaWRjL3Rva2VuIiwiaWF0IjoxNzQ2NTg0MzM2LCJleHAiOjE3NDY1ODQ2MzZ9.KoWc3sQaLBW4RO2cu1bBITzmiffH_qFVbOguy2qrYvM4NtPcZe3z0HRSFS7wAxVvjs5K8TonFNKjJhPNy6wuaUl3NNijB7t0Ajj8ON3h_DcdUSiMoKUmiLtuf1oeUW7-hzUcmNuHmiVR5dOIRdCG8wP6_D45cnzgACR2oJQBAAxcTYPq-Zv92KAw4NvgVRHzHCfXs1AfKGKDsDu4_KS0X6tuZVcS32SwbMHKnGJiZkUcR58B5wXtM-SSp47TisW_HHTkQdT-7dYAMLe10Ms5BbL015SnXvZxoclc_seiKrrDjvbLYNj-WvbRdf-bpeAzkN4nDgDc9zr_G09y51nzcw"
}

=== Info adicional ===
Error obteniendo access_token

=== Error ===
{"error":"unauthorized","error_description":"Could not find client: 090512DEUTDEFFXXX886479"}
================================================================================


================================================================================
Fecha y hora: 2025-05-07 02:18:57.238094
================================================================================
=== Headers enviados ===
{}

=== Info adicional ===
Error obteniendo detalles en vista

=== Error ===
Error obteniendo access_token: {"error":"unauthorized","error_description":"Could not find client: 090512DEUTDEFFXXX886479"}
================================================================================

